#
# A fatal error has been detected by the Java Runtime Environment:
#
#  EXCEPTION_ACCESS_VIOLATION (0xc0000005) at pc=0x000000005364584a, pid=480, tid=0x0000000000001908
#
# JRE version: Java(TM) SE Runtime Environment (8.0_144-b01) (build 1.8.0_144-b01)
# Java VM: Java HotSpot(TM) 64-Bit Server VM (25.144-b01 mixed mode windows-amd64 compressed oops)
# Problematic frame:
# C  [glass.dll+0x2584a]
#
# Failed to write core dump. Minidumps are not enabled by default on client versions of Windows
#
# If you would like to submit a bug report, please visit:
#   http://bugreport.java.com/bugreport/crash.jsp
#

---------------  T H R E A D  ---------------

Current thread (0x00000000150c9000):  VMThread [stack: 0x0000000016dc0000,0x0000000016ec0000] [id=6408]

siginfo: ExceptionCode=0xc0000005, reading address 0x0000000000000000

Registers:
RAX=0x0000000000000000, RBX=0x000000001b845be0, RCX=0x00000000150c9000, RDX=0x000000001b845be0
RSP=0x0000000016ebf860, RBP=0x00000000006d3a60, RSI=0x0000000000000001, RDI=0x0000000000000000
R8 =0x0000000000010002, R9 =0x00000000006d3a60, R10=0x0000000000000000, R11=0x0000000000000246
R12=0x00000000006d3a90, R13=0x00000000006d3a60, R14=0x00000000006d3a70, R15=0x0000000000000000
RIP=0x000000005364584a, EFLAGS=0x0000000000010202

Top of Stack: (sp=0x0000000016ebf860)
0x0000000016ebf860:   0000000000000000 0000000053645900
0x0000000016ebf870:   0000000000000000 00000000006d3a60
0x0000000016ebf880:   0000000053645830 0000000053643224
0x0000000016ebf890:   00000000536591b0 00007ff8cf872e44
0x0000000016ebf8a0:   00007ff864e0b0a8 000000001aa7be90
0x0000000016ebf8b0:   0000000053643384 0000000053620000
0x0000000016ebf8c0:   00007ff8695f41b0 00000000536434a6
0x0000000016ebf8d0:   0000000000000001 0000000014f55400
0x0000000016ebf8e0:   0000000000000000 0000000000000000
0x0000000016ebf8f0:   c000000500000001 0000000016ebe9d0
0x0000000016ebf900:   0000000053643384 00007ff8694ca37f
0x0000000016ebf910:   0000000000000000 0000000000000001
0x0000000016ebf920:   0000000053620000 0000000000000000
0x0000000016ebf930:   00007c3f773c0dda 00000000006ae910
0x0000000016ebf940:   00007ff868d64600 0000000000ba1600
0x0000000016ebf950:   0000000000ba1600 00000000006c1e60 

Instructions: (pc=0x000000005364584a)
0x000000005364582a:   83 c4 20 5d c3 cc 40 53 48 83 ec 20 48 8b 1d cb
0x000000005364583a:   5b 01 00 48 85 db 74 1a e8 19 93 ff ff 48 8b d3
0x000000005364584a:   4c 8b 00 48 8b c8 48 83 c4 20 5b 49 ff a0 b0 00
0x000000005364585a:   00 00 48 83 c4 20 5b c3 cc cc cc cc cc cc cc cc 


Register to memory mapping:

RAX=0x0000000000000000 is an unknown value
RBX=0x000000001b845be0 is a global jni handle
RCX=0x00000000150c9000 is an unknown value
RDX=0x000000001b845be0 is a global jni handle
RSP=0x0000000016ebf860 is an unknown value
RBP=0x00000000006d3a60 is an unknown value
RSI=0x0000000000000001 is an unknown value
RDI=0x0000000000000000 is an unknown value
R8 =0x0000000000010002 is an unknown value
R9 =0x00000000006d3a60 is an unknown value
R10=0x0000000000000000 is an unknown value
R11=0x0000000000000246 is an unknown value
R12=0x00000000006d3a90 is an unknown value
R13=0x00000000006d3a60 is an unknown value
R14=0x00000000006d3a70 is an unknown value
R15=0x0000000000000000 is an unknown value


Stack: [0x0000000016dc0000,0x0000000016ec0000],  sp=0x0000000016ebf860,  free space=1022k
Native frames: (J=compiled Java code, j=interpreted, Vv=VM code, C=native code)
C  [glass.dll+0x2584a]
C  [glass.dll+0x23224]
C  [glass.dll+0x234a6]
C  [ntdll.dll+0x2a37f]
C  [ntdll.dll+0x806b]
C  [ntdll.dll+0x7d94]
C  [KERNEL32.DLL+0x1ce6a]
C  [msvcr100.dll+0x20ccd]
V  [jvm.dll+0x213145]
V  [jvm.dll+0x24c127]
V  [jvm.dll+0x24b3c6]
V  [jvm.dll+0x24b861]
V  [jvm.dll+0x24ba7e]
V  [jvm.dll+0x29ca6a]
C  [msvcr100.dll+0x21d9f]
C  [msvcr100.dll+0x21e3b]
C  [KERNEL32.DLL+0x8364]
C  [ntdll.dll+0x67091]

VM_Operation (0x00000000193e2950): Exit, mode: safepoint, requested by thread 0x000000001885a000


---------------  P R O C E S S  ---------------

Java Threads: ( => current thread )
  0x000000001c237800 JavaThread "pool-2-thread-1" [_thread_blocked, id=5180, stack(0x000000001fc90000,0x000000001fd90000)]
  0x000000001be43000 JavaThread "Prism Font Disposer" daemon [_thread_blocked, id=5468, stack(0x000000001dc90000,0x000000001dd90000)]
  0x0000000018948800 JavaThread "Thread-3" daemon [_thread_in_native, id=7652, stack(0x000000001b090000,0x000000001b190000)]
  0x0000000018928000 JavaThread "JavaFX-Launcher" [_thread_blocked, id=5344, stack(0x000000001b190000,0x000000001b290000)]
  0x000000001885a000 JavaThread "JavaFX Application Thread" [_thread_blocked, id=788, stack(0x00000000192f0000,0x00000000193f0000)]
  0x0000000018882800 JavaThread "Thread-1" daemon [_thread_blocked, id=5264, stack(0x00000000191f0000,0x00000000192f0000)]
  0x00000000173bd800 JavaThread "QuantumRenderer-0" daemon [_thread_blocked, id=4964, stack(0x0000000019000000,0x0000000019100000)]
  0x00000000170ad800 JavaThread "Service Thread" daemon [_thread_blocked, id=7968, stack(0x0000000018200000,0x0000000018300000)]
  0x0000000017021800 JavaThread "C1 CompilerThread3" daemon [_thread_blocked, id=3580, stack(0x0000000018100000,0x0000000018200000)]
  0x0000000017020800 JavaThread "C2 CompilerThread2" daemon [_thread_blocked, id=8664, stack(0x0000000018000000,0x0000000018100000)]
  0x000000001701f000 JavaThread "C2 CompilerThread1" daemon [_thread_blocked, id=8656, stack(0x0000000017f00000,0x0000000018000000)]
  0x0000000017017000 JavaThread "C2 CompilerThread0" daemon [_thread_blocked, id=7124, stack(0x0000000017e00000,0x0000000017f00000)]
  0x000000001700c000 JavaThread "JDWP Command Reader" daemon [_thread_blocked, id=3104, stack(0x0000000017d00000,0x0000000017e00000)]
  0x0000000017007000 JavaThread "JDWP Event Helper Thread" daemon [_thread_blocked, id=6692, stack(0x0000000017c00000,0x0000000017d00000)]
  0x0000000016ffa800 JavaThread "JDWP Transport Listener: dt_socket" daemon [_thread_blocked, id=3116, stack(0x0000000017b00000,0x0000000017c00000)]
  0x0000000016fef800 JavaThread "Attach Listener" daemon [_thread_blocked, id=4916, stack(0x00000000176c0000,0x00000000177c0000)]
  0x0000000016fee000 JavaThread "Signal Dispatcher" daemon [_thread_blocked, id=6844, stack(0x00000000175c0000,0x00000000176c0000)]
  0x0000000016fe0800 JavaThread "Finalizer" daemon [_thread_blocked, id=4060, stack(0x00000000173c0000,0x00000000174c0000)]
  0x00000000026bc000 JavaThread "Reference Handler" daemon [_thread_blocked, id=4176, stack(0x0000000016ec0000,0x0000000016fc0000)]
  0x00000000025c6000 JavaThread "main" [_thread_blocked, id=4428, stack(0x00000000023e0000,0x00000000024e0000)]

Other Threads:
=>0x00000000150c9000 VMThread [stack: 0x0000000016dc0000,0x0000000016ec0000] [id=6408]

VM state:at safepoint (shutting down)

VM Mutex/Monitor currently owned by a thread:  ([mutex/lock_event])
[0x00000000025c3890] Threads_lock - owner thread: 0x00000000150c9000

Heap:
 PSYoungGen      total 66560K, used 9285K [0x00000000eb500000, 0x00000000f1e00000, 0x0000000100000000)
  eden space 58368K, 1% used [0x00000000eb500000,0x00000000eb618830,0x00000000eee00000)
  from space 8192K, 99% used [0x00000000eee00000,0x00000000ef5f8bf0,0x00000000ef600000)
  to   space 9728K, 0% used [0x00000000f1480000,0x00000000f1480000,0x00000000f1e00000)
 ParOldGen       total 35328K, used 11692K [0x00000000c1e00000, 0x00000000c4080000, 0x00000000eb500000)
  object space 35328K, 33% used [0x00000000c1e00000,0x00000000c296b238,0x00000000c4080000)
 Metaspace       used 33640K, capacity 35358K, committed 35456K, reserved 1079296K
  class space    used 4668K, capacity 4980K, committed 4992K, reserved 1048576K

Card table byte_map: [0x0000000011a80000,0x0000000011c80000] byte_map_base: 0x0000000011471000

Marking Bits: (ParMarkBitMap*) 0x00000000541cd850
 Begin Bits: [0x00000000125d0000, 0x0000000013558000)
 End Bits:   [0x0000000013558000, 0x00000000144e0000)

Polling page: 0x0000000000b90000

CodeCache: size=245760Kb used=13991Kb max_used=15190Kb free=231768Kb
 bounds [0x00000000026c0000, 0x00000000035c0000, 0x00000000116c0000]
 total_blobs=5107 nmethods=4342 adapters=684
 compilation: enabled

Compilation events (10 events):
Event: 107.319 Thread 0x0000000017021800 4902       3       com.sun.prism.impl.ps.BaseShaderContext::validateClearOp (12 bytes)
Event: 107.319 Thread 0x0000000017021800 nmethod 4902 0x0000000002b1b9d0 code [0x0000000002b1bb40, 0x0000000002b1bde8]
Event: 108.769 Thread 0x000000001701f000 4903   !   4       java.lang.ref.Reference::tryHandlePending (115 bytes)
Event: 108.769 Thread 0x0000000017020800 4904   !   4       java.lang.ref.ReferenceQueue::enqueue (119 bytes)
Event: 108.770 Thread 0x0000000017021800 4905       1       java.util.logging.LogManager::access$500 (5 bytes)
Event: 108.770 Thread 0x0000000017021800 nmethod 4905 0x0000000002c37390 code [0x0000000002c374e0, 0x0000000002c375d0]
Event: 108.770 Thread 0x0000000017017000 4906       4       java.lang.ref.ReferenceQueue::remove (6 bytes)
Event: 108.774 Thread 0x0000000017020800 nmethod 4904 0x000000000332d410 code [0x000000000332d580, 0x000000000332db48]
Event: 108.774 Thread 0x0000000017017000 nmethod 4906 0x0000000002918b10 code [0x0000000002918c80, 0x00000000029191f8]
Event: 108.774 Thread 0x0000000017017000 4907       4       java.lang.ref.Finalizer::access$100 (6 bytes)

GC Heap History (10 events):
Event: 13.703 GC heap before
{Heap before GC invocations=6 (full 1):
 PSYoungGen      total 18944K, used 2544K [0x00000000eb500000, 0x00000000ee600000, 0x0000000100000000)
  eden space 16384K, 0% used [0x00000000eb500000,0x00000000eb500000,0x00000000ec500000)
  from space 2560K, 99% used [0x00000000ec500000,0x00000000ec77c030,0x00000000ec780000)
  to   space 8704K, 0% used [0x00000000edd80000,0x00000000edd80000,0x00000000ee600000)
 ParOldGen       total 44032K, used 10855K [0x00000000c1e00000, 0x00000000c4900000, 0x00000000eb500000)
  object space 44032K, 24% used [0x00000000c1e00000,0x00000000c2899d68,0x00000000c4900000)
 Metaspace       used 20169K, capacity 21146K, committed 21296K, reserved 1067008K
  class space    used 2864K, capacity 3112K, committed 3200K, reserved 1048576K
Event: 13.754 GC heap after
Heap after GC invocations=6 (full 1):
 PSYoungGen      total 18944K, used 0K [0x00000000eb500000, 0x00000000ee600000, 0x0000000100000000)
  eden space 16384K, 0% used [0x00000000eb500000,0x00000000eb500000,0x00000000ec500000)
  from space 2560K, 0% used [0x00000000ec500000,0x00000000ec500000,0x00000000ec780000)
  to   space 8704K, 0% used [0x00000000edd80000,0x00000000edd80000,0x00000000ee600000)
 ParOldGen       total 35328K, used 10451K [0x00000000c1e00000, 0x00000000c4080000, 0x00000000eb500000)
  object space 35328K, 29% used [0x00000000c1e00000,0x00000000c2834e50,0x00000000c4080000)
 Metaspace       used 20169K, capacity 21146K, committed 21296K, reserved 1067008K
  class space    used 2864K, capacity 3112K, committed 3200K, reserved 1048576K
}
Event: 13.985 GC heap before
{Heap before GC invocations=7 (full 1):
 PSYoungGen      total 18944K, used 16384K [0x00000000eb500000, 0x00000000ee600000, 0x0000000100000000)
  eden space 16384K, 100% used [0x00000000eb500000,0x00000000ec500000,0x00000000ec500000)
  from space 2560K, 0% used [0x00000000ec500000,0x00000000ec500000,0x00000000ec780000)
  to   space 8704K, 0% used [0x00000000edd80000,0x00000000edd80000,0x00000000ee600000)
 ParOldGen       total 35328K, used 10451K [0x00000000c1e00000, 0x00000000c4080000, 0x00000000eb500000)
  object space 35328K, 29% used [0x00000000c1e00000,0x00000000c2834e50,0x00000000c4080000)
 Metaspace       used 23666K, capacity 24640K, committed 24960K, reserved 1071104K
  class space    used 3365K, capacity 3593K, committed 3712K, reserved 1048576K
Event: 13.989 GC heap after
Heap after GC invocations=7 (full 1):
 PSYoungGen      total 38400K, used 3131K [0x00000000eb500000, 0x00000000ee480000, 0x0000000100000000)
  eden space 31232K, 0% used [0x00000000eb500000,0x00000000eb500000,0x00000000ed380000)
  from space 7168K, 43% used [0x00000000edd80000,0x00000000ee08ef30,0x00000000ee480000)
  to   space 8704K, 0% used [0x00000000ed380000,0x00000000ed380000,0x00000000edc00000)
 ParOldGen       total 35328K, used 10459K [0x00000000c1e00000, 0x00000000c4080000, 0x00000000eb500000)
  object space 35328K, 29% used [0x00000000c1e00000,0x00000000c2836e50,0x00000000c4080000)
 Metaspace       used 23666K, capacity 24640K, committed 24960K, reserved 1071104K
  class space    used 3365K, capacity 3593K, committed 3712K, reserved 1048576K
}
Event: 14.393 GC heap before
{Heap before GC invocations=8 (full 1):
 PSYoungGen      total 38400K, used 34363K [0x00000000eb500000, 0x00000000ee480000, 0x0000000100000000)
  eden space 31232K, 100% used [0x00000000eb500000,0x00000000ed380000,0x00000000ed380000)
  from space 7168K, 43% used [0x00000000edd80000,0x00000000ee08ef30,0x00000000ee480000)
  to   space 8704K, 0% used [0x00000000ed380000,0x00000000ed380000,0x00000000edc00000)
 ParOldGen       total 35328K, used 10459K [0x00000000c1e00000, 0x00000000c4080000, 0x00000000eb500000)
  object space 35328K, 29% used [0x00000000c1e00000,0x00000000c2836e50,0x00000000c4080000)
 Metaspace       used 27322K, capacity 28362K, committed 28416K, reserved 1073152K
  class space    used 3843K, capacity 4080K, committed 4096K, reserved 1048576K
Event: 14.397 GC heap after
Heap after GC invocations=8 (full 1):
 PSYoungGen      total 39936K, used 5025K [0x00000000eb500000, 0x00000000efe00000, 0x0000000100000000)
  eden space 31232K, 0% used [0x00000000eb500000,0x00000000eb500000,0x00000000ed380000)
  from space 8704K, 57% used [0x00000000ed380000,0x00000000ed868600,0x00000000edc00000)
  to   space 8192K, 0% used [0x00000000ef600000,0x00000000ef600000,0x00000000efe00000)
 ParOldGen       total 35328K, used 10467K [0x00000000c1e00000, 0x00000000c4080000, 0x00000000eb500000)
  object space 35328K, 29% used [0x00000000c1e00000,0x00000000c2838e50,0x00000000c4080000)
 Metaspace       used 27322K, capacity 28362K, committed 28416K, reserved 1073152K
  class space    used 3843K, capacity 4080K, committed 4096K, reserved 1048576K
}
Event: 14.499 GC heap before
{Heap before GC invocations=9 (full 1):
 PSYoungGen      total 39936K, used 36257K [0x00000000eb500000, 0x00000000efe00000, 0x0000000100000000)
  eden space 31232K, 100% used [0x00000000eb500000,0x00000000ed380000,0x00000000ed380000)
  from space 8704K, 57% used [0x00000000ed380000,0x00000000ed868600,0x00000000edc00000)
  to   space 8192K, 0% used [0x00000000ef600000,0x00000000ef600000,0x00000000efe00000)
 ParOldGen       total 35328K, used 10467K [0x00000000c1e00000, 0x00000000c4080000, 0x00000000eb500000)
  object space 35328K, 29% used [0x00000000c1e00000,0x00000000c2838e50,0x00000000c4080000)
 Metaspace       used 27680K, capacity 28714K, committed 29056K, reserved 1075200K
  class space    used 3869K, capacity 4112K, committed 4224K, reserved 1048576K
Event: 14.503 GC heap after
Heap after GC invocations=9 (full 1):
 PSYoungGen      total 66560K, used 3738K [0x00000000eb500000, 0x00000000efe80000, 0x0000000100000000)
  eden space 58368K, 0% used [0x00000000eb500000,0x00000000eb500000,0x00000000eee00000)
  from space 8192K, 45% used [0x00000000ef600000,0x00000000ef9a68c0,0x00000000efe00000)
  to   space 8192K, 0% used [0x00000000eee00000,0x00000000eee00000,0x00000000ef600000)
 ParOldGen       total 35328K, used 10475K [0x00000000c1e00000, 0x00000000c4080000, 0x00000000eb500000)
  object space 35328K, 29% used [0x00000000c1e00000,0x00000000c283ae50,0x00000000c4080000)
 Metaspace       used 27680K, capacity 28714K, committed 29056K, reserved 1075200K
  class space    used 3869K, capacity 4112K, committed 4224K, reserved 1048576K
}
Event: 108.760 GC heap before
{Heap before GC invocations=10 (full 1):
 PSYoungGen      total 66560K, used 62106K [0x00000000eb500000, 0x00000000efe80000, 0x0000000100000000)
  eden space 58368K, 100% used [0x00000000eb500000,0x00000000eee00000,0x00000000eee00000)
  from space 8192K, 45% used [0x00000000ef600000,0x00000000ef9a68c0,0x00000000efe00000)
  to   space 8192K, 0% used [0x00000000eee00000,0x00000000eee00000,0x00000000ef600000)
 ParOldGen       total 35328K, used 10475K [0x00000000c1e00000, 0x00000000c4080000, 0x00000000eb500000)
  object space 35328K, 29% used [0x00000000c1e00000,0x00000000c283ae50,0x00000000c4080000)
 Metaspace       used 33634K, capacity 35346K, committed 35456K, reserved 1079296K
  class space    used 4666K, capacity 4978K, committed 4992K, reserved 1048576K
Event: 108.768 GC heap after
Heap after GC invocations=10 (full 1):
 PSYoungGen      total 66560K, used 8162K [0x00000000eb500000, 0x00000000f1e00000, 0x0000000100000000)
  eden space 58368K, 0% used [0x00000000eb500000,0x00000000eb500000,0x00000000eee00000)
  from space 8192K, 99% used [0x00000000eee00000,0x00000000ef5f8bf0,0x00000000ef600000)
  to   space 9728K, 0% used [0x00000000f1480000,0x00000000f1480000,0x00000000f1e00000)
 ParOldGen       total 35328K, used 11692K [0x00000000c1e00000, 0x00000000c4080000, 0x00000000eb500000)
  object space 35328K, 33% used [0x00000000c1e00000,0x00000000c296b238,0x00000000c4080000)
 Metaspace       used 33634K, capacity 35346K, committed 35456K, reserved 1079296K
  class space    used 4666K, capacity 4978K, committed 4992K, reserved 1048576K
}

Deoptimization events (10 events):
Event: 21.853 Thread 0x000000001885a000 Uncommon trap: reason=unstable_if action=reinterpret pc=0x00000000035584a0 method=javafx.scene.CssStyleHelper.transitionToState(Ljavafx/scene/Node;)V @ 513
Event: 79.438 Thread 0x000000001885a000 Uncommon trap: reason=unstable_if action=reinterpret pc=0x0000000002ec31a8 method=sun.net.www.protocol.jar.Handler.parseContextSpec(Ljava/net/URL;Ljava/lang/String;)Ljava/lang/String; @ 72
Event: 79.441 Thread 0x000000001885a000 Uncommon trap: reason=bimorphic action=maybe_recompile pc=0x000000000300f54c method=java.util.regex.Pattern$5.isSatisfiedBy(I)Z @ 5
Event: 79.441 Thread 0x000000001885a000 Uncommon trap: reason=class_check action=maybe_recompile pc=0x000000000306bf9c method=java.util.regex.Pattern$CharProperty.match(Ljava/util/regex/Matcher;ILjava/lang/CharSequence;)Z @ 37
Event: 79.441 Thread 0x000000001885a000 Uncommon trap: reason=bimorphic action=maybe_recompile pc=0x000000000300f54c method=java.util.regex.Pattern$5.isSatisfiedBy(I)Z @ 5
Event: 79.441 Thread 0x000000001885a000 Uncommon trap: reason=class_check action=maybe_recompile pc=0x000000000306bf9c method=java.util.regex.Pattern$CharProperty.match(Ljava/util/regex/Matcher;ILjava/lang/CharSequence;)Z @ 37
Event: 79.441 Thread 0x000000001885a000 Uncommon trap: reason=bimorphic action=maybe_recompile pc=0x000000000300f54c method=java.util.regex.Pattern$5.isSatisfiedBy(I)Z @ 5
Event: 79.441 Thread 0x000000001885a000 Uncommon trap: reason=unstable_if action=reinterpret pc=0x000000000306c3f4 method=java.util.regex.Pattern$5.isSatisfiedBy(I)Z @ 8
Event: 79.449 Thread 0x000000001885a000 Uncommon trap: reason=unstable_if action=reinterpret pc=0x0000000002ab0340 method=java.io.ByteArrayInputStream.read()I @ 8
Event: 108.768 Thread 0x0000000018948800 Uncommon trap: reason=unstable_if action=reinterpret pc=0x0000000002d4f8a0 method=com.sun.javafx.tk.quantum.QuantumToolkit.postPulse()V @ 7

Internal exceptions (10 events):
Event: 14.970 Thread 0x000000001885a000 Exception <a 'java/lang/ArrayIndexOutOfBoundsException': 66> (0x00000000ecd6c368) thrown at [C:\re\workspace\8-2-build-windows-amd64-cygwin\jdk8u144\9417\hotspot\src\share\vm\interpreter\interpreterRuntime.cpp, line 366]
Event: 14.982 Thread 0x000000001885a000 Exception <a 'java/lang/ArrayIndexOutOfBoundsException': 58> (0x00000000ecf19950) thrown at [C:\re\workspace\8-2-build-windows-amd64-cygwin\jdk8u144\9417\hotspot\src\share\vm\interpreter\interpreterRuntime.cpp, line 366]
Event: 14.988 Thread 0x000000001885a000 Exception <a 'java/io/FileNotFoundException'> (0x00000000ecf621e8) thrown at [C:\re\workspace\8-2-build-windows-amd64-cygwin\jdk8u144\9417\hotspot\src\share\vm\prims\jni.cpp, line 709]
Event: 16.804 Thread 0x000000001885a000 Exception <a 'java/lang/ArrayIndexOutOfBoundsException': 61> (0x00000000ed698540) thrown at [C:\re\workspace\8-2-build-windows-amd64-cygwin\jdk8u144\9417\hotspot\src\share\vm\interpreter\interpreterRuntime.cpp, line 366]
Event: 16.817 Thread 0x000000001885a000 Exception <a 'java/lang/ArrayIndexOutOfBoundsException': 58> (0x00000000ed96ca70) thrown at [C:\re\workspace\8-2-build-windows-amd64-cygwin\jdk8u144\9417\hotspot\src\share\vm\interpreter\interpreterRuntime.cpp, line 366]
Event: 16.863 Thread 0x000000001885a000 Exception <a 'java/lang/ArrayIndexOutOfBoundsException': 79> (0x00000000ede3bab0) thrown at [C:\re\workspace\8-2-build-windows-amd64-cygwin\jdk8u144\9417\hotspot\src\share\vm\interpreter\interpreterRuntime.cpp, line 366]
Event: 16.864 Thread 0x000000001885a000 Exception <a 'java/lang/ArrayIndexOutOfBoundsException': 52> (0x00000000ede3cc98) thrown at [C:\re\workspace\8-2-build-windows-amd64-cygwin\jdk8u144\9417\hotspot\src\share\vm\interpreter\interpreterRuntime.cpp, line 366]
Event: 16.864 Thread 0x000000001885a000 Exception <a 'java/lang/ArrayIndexOutOfBoundsException': 114> (0x00000000ede3e6f0) thrown at [C:\re\workspace\8-2-build-windows-amd64-cygwin\jdk8u144\9417\hotspot\src\share\vm\interpreter\interpreterRuntime.cpp, line 366]
Event: 20.765 Thread 0x000000001885a000 Implicit null exception at 0x000000000353af4e to 0x000000000353b7c5
Event: 108.775 Thread 0x000000001c236800 Exception <a 'java/lang/IllegalStateException'> (0x00000000eb5063f0) thrown at [C:\re\workspace\8-2-build-windows-amd64-cygwin\jdk8u144\9417\hotspot\src\share\vm\prims\jvm.cpp, line 1394]

Events (10 events):
Event: 108.774 Executing VM operation: RevokeBias
Event: 108.774 Executing VM operation: RevokeBias done
Event: 108.774 Executing VM operation: RevokeBias
Event: 108.774 Executing VM operation: RevokeBias done
Event: 108.774 Executing VM operation: RevokeBias
Event: 108.774 Executing VM operation: RevokeBias done
Event: 108.774 loading class com/sun/javafx/tk/quantum/QuantumToolkit
Event: 108.774 loading class com/sun/javafx/tk/quantum/QuantumToolkit done
Event: 108.775 Thread 0x000000001c236800 Thread exited: 0x000000001c236800
Event: 108.775 Executing VM operation: Exit


Dynamic libraries:
0x00007ff6c69d0000 - 0x00007ff6c6a07000 	C:\Program Files\Java\jre1.8.0_144\bin\javaw.exe
0x00007ff8694a0000 - 0x00007ff869672000 	C:\WINDOWS\SYSTEM32\ntdll.dll
0x00007ff868ef0000 - 0x00007ff868f9c000 	C:\WINDOWS\System32\KERNEL32.DLL
0x00007ff866530000 - 0x00007ff86674d000 	C:\WINDOWS\System32\KERNELBASE.dll
0x00007ff869350000 - 0x00007ff8693f2000 	C:\WINDOWS\System32\ADVAPI32.dll
0x00007ff867300000 - 0x00007ff86739e000 	C:\WINDOWS\System32\msvcrt.dll
0x00007ff8688b0000 - 0x00007ff868909000 	C:\WINDOWS\System32\sechost.dll
0x00007ff868bf0000 - 0x00007ff868d11000 	C:\WINDOWS\System32\RPCRT4.dll
0x00007ff867190000 - 0x00007ff8672f5000 	C:\WINDOWS\System32\USER32.dll
0x00007ff866960000 - 0x00007ff86697e000 	C:\WINDOWS\System32\win32u.dll
0x00007ff869310000 - 0x00007ff869344000 	C:\WINDOWS\System32\GDI32.dll
0x00007ff8663b0000 - 0x00007ff866530000 	C:\WINDOWS\System32\gdi32full.dll
0x00007ff852b20000 - 0x00007ff852d9a000 	C:\WINDOWS\WinSxS\amd64_microsoft.windows.common-controls_6595b64144ccf1df_6.0.14393.953_none_42151e83c686086b\COMCTL32.dll
0x00007ff866ec0000 - 0x00007ff867188000 	C:\WINDOWS\System32\combase.dll
0x00007ff866750000 - 0x00007ff866845000 	C:\WINDOWS\System32\ucrtbase.dll
0x00007ff866850000 - 0x00007ff8668ba000 	C:\WINDOWS\System32\bcryptPrimitives.dll
0x00007ff868bc0000 - 0x00007ff868bee000 	C:\WINDOWS\System32\IMM32.DLL
0x0000000053700000 - 0x00000000537d2000 	C:\Program Files\Java\jre1.8.0_144\bin\msvcr100.dll
0x00000000539b0000 - 0x000000005424d000 	C:\Program Files\Java\jre1.8.0_144\bin\server\jvm.dll
0x00007ff868970000 - 0x00007ff868978000 	C:\WINDOWS\System32\PSAPI.DLL
0x00007ff863d90000 - 0x00007ff863db3000 	C:\WINDOWS\SYSTEM32\WINMM.dll
0x00007ff850680000 - 0x00007ff850689000 	C:\WINDOWS\SYSTEM32\WSOCK32.dll
0x00007ff85cb90000 - 0x00007ff85cb9a000 	C:\WINDOWS\SYSTEM32\VERSION.dll
0x00007ff869420000 - 0x00007ff86948a000 	C:\WINDOWS\System32\WS2_32.dll
0x0000000000bb0000 - 0x0000000000bdb000 	C:\WINDOWS\SYSTEM32\WINMMBASE.dll
0x00007ff8669e0000 - 0x00007ff866a22000 	C:\WINDOWS\System32\cfgmgr32.dll
0x00000000538c0000 - 0x00000000538cf000 	C:\Program Files\Java\jre1.8.0_144\bin\verify.dll
0x0000000053890000 - 0x00000000538b9000 	C:\Program Files\Java\jre1.8.0_144\bin\java.dll
0x00000000536c0000 - 0x00000000536f5000 	C:\Program Files\Java\jre1.8.0_144\bin\jdwp.dll
0x00000000536b0000 - 0x00000000536b8000 	C:\Program Files\Java\jre1.8.0_144\bin\npt.dll
0x0000000053870000 - 0x0000000053886000 	C:\Program Files\Java\jre1.8.0_144\bin\zip.dll
0x00007ff8673a0000 - 0x00007ff8688a8000 	C:\WINDOWS\System32\SHELL32.dll
0x00007ff865b00000 - 0x00007ff8661d8000 	C:\WINDOWS\System32\windows.storage.dll
0x00007ff865950000 - 0x00007ff86599c000 	C:\WINDOWS\System32\powrprof.dll
0x00007ff868910000 - 0x00007ff868962000 	C:\WINDOWS\System32\shlwapi.dll
0x00007ff865910000 - 0x00007ff86591f000 	C:\WINDOWS\System32\kernel.appcore.dll
0x00007ff8659a0000 - 0x00007ff865a49000 	C:\WINDOWS\System32\shcore.dll
0x00007ff865920000 - 0x00007ff865934000 	C:\WINDOWS\System32\profapi.dll
0x00000000536a0000 - 0x00000000536a9000 	C:\Program Files\Java\jre1.8.0_144\bin\dt_socket.dll
0x00007ff855d30000 - 0x00007ff855d46000 	C:\WINDOWS\system32\napinsp.dll
0x00007ff852f60000 - 0x00007ff852f7a000 	C:\WINDOWS\system32\pnrpnsp.dll
0x00007ff863800000 - 0x00007ff863818000 	C:\WINDOWS\system32\NLAapi.dll
0x00007ff8651e0000 - 0x00007ff86523c000 	C:\WINDOWS\System32\mswsock.dll
0x00007ff864fa0000 - 0x00007ff865041000 	C:\WINDOWS\SYSTEM32\DNSAPI.dll
0x00007ff869490000 - 0x00007ff869498000 	C:\WINDOWS\System32\NSI.dll
0x00007ff864f60000 - 0x00007ff864f98000 	C:\WINDOWS\SYSTEM32\IPHLPAPI.DLL
0x00007ff852f50000 - 0x00007ff852f5e000 	C:\WINDOWS\System32\winrnr.dll
0x00007ff85f7f0000 - 0x00007ff85f85a000 	C:\WINDOWS\System32\fwpuclnt.dll
0x00007ff865850000 - 0x00007ff86587b000 	C:\WINDOWS\SYSTEM32\bcrypt.dll
0x00007ff85d110000 - 0x00007ff85d11a000 	C:\Windows\System32\rasadhlp.dll
0x00007ff857ff0000 - 0x00007ff8580df000 	C:\Program Files\Java\jre1.8.0_144\bin\msvcr120.dll
0x00007ff857f40000 - 0x00007ff857fe6000 	C:\Program Files\Java\jre1.8.0_144\bin\msvcp120.dll
0x0000000053670000 - 0x0000000053692000 	C:\Program Files\Java\jre1.8.0_144\bin\prism_d3d.dll
0x00007ff8510f0000 - 0x00007ff85127d000 	C:\WINDOWS\system32\d3d9.dll
0x00007ff863580000 - 0x00007ff8635a6000 	C:\WINDOWS\SYSTEM32\dwmapi.dll
0x00007ff864170000 - 0x00007ff864205000 	C:\WINDOWS\system32\uxtheme.dll
0x0000000053620000 - 0x0000000053663000 	C:\Program Files\Java\jre1.8.0_144\bin\glass.dll
0x00007ff868ac0000 - 0x00007ff868bba000 	C:\WINDOWS\System32\COMDLG32.dll
0x00007ff868980000 - 0x00007ff868ab8000 	C:\WINDOWS\System32\ole32.dll
0x00007ff869250000 - 0x00007ff86930f000 	C:\WINDOWS\System32\OLEAUT32.dll
0x00007ff8668c0000 - 0x00007ff86695c000 	C:\WINDOWS\System32\msvcp_win.dll
0x00007ff868d20000 - 0x00007ff868e7a000 	C:\WINDOWS\System32\MSCTF.dll
0x0000000053600000 - 0x0000000053614000 	C:\Program Files\Java\jre1.8.0_144\bin\javafx_font.dll
0x00007ff856580000 - 0x00007ff8567e9000 	C:\WINDOWS\SYSTEM32\dwrite.dll
0x00007ff8691b0000 - 0x00007ff86924f000 	C:\WINDOWS\System32\clbcatq.dll
0x00007ff862e00000 - 0x00007ff862fa8000 	C:\WINDOWS\SYSTEM32\WindowsCodecs.dll
0x00007ff84cc50000 - 0x00007ff84cc99000 	C:\WINDOWS\system32\dataexchange.dll
0x00007ff861ff0000 - 0x00007ff8622a6000 	C:\WINDOWS\system32\d3d11.dll
0x00007ff863820000 - 0x00007ff863971000 	C:\WINDOWS\system32\dcomp.dll
0x00007ff8649b0000 - 0x00007ff864a4f000 	C:\WINDOWS\system32\dxgi.dll
0x00007ff864440000 - 0x00007ff86455c000 	C:\WINDOWS\system32\twinapi.appcore.dll
0x00007ff857f00000 - 0x00007ff857f32000 	C:\Program Files\Common Files\Microsoft Shared\Ink\rtscom.dll
0x00000000535e0000 - 0x00000000535f1000 	C:\Program Files\Java\jre1.8.0_144\bin\prism_common.dll
0x0000000053850000 - 0x000000005386a000 	C:\Program Files\Java\jre1.8.0_144\bin\net.dll
0x00007ff865380000 - 0x00007ff865397000 	C:\WINDOWS\SYSTEM32\CRYPTSP.dll
0x00007ff864de0000 - 0x00007ff864e13000 	C:\WINDOWS\system32\rsaenh.dll
0x00007ff865060000 - 0x00007ff86507f000 	C:\WINDOWS\SYSTEM32\USERENV.dll
0x00007ff8653a0000 - 0x00007ff8653ab000 	C:\WINDOWS\SYSTEM32\CRYPTBASE.dll
0x00007ff860380000 - 0x00007ff860396000 	C:\WINDOWS\SYSTEM32\dhcpcsvc6.DLL
0x00007ff861130000 - 0x00007ff86114a000 	C:\WINDOWS\SYSTEM32\dhcpcsvc.DLL
0x0000000053830000 - 0x0000000053841000 	C:\Program Files\Java\jre1.8.0_144\bin\nio.dll
0x00007ff863230000 - 0x00007ff8633b5000 	C:\WINDOWS\SYSTEM32\PROPSYS.dll
0x00007ff8576b0000 - 0x00007ff857748000 	C:\Program Files\Common Files\microsoft shared\ink\tiptsf.dll
0x00007ff84ba90000 - 0x00007ff84bad2000 	C:\WINDOWS\SYSTEM32\edputil.dll
0x00007ff84c7c0000 - 0x00007ff84cc44000 	C:\WINDOWS\system32\explorerframe.dll
0x00007ff840720000 - 0x00007ff8408c8000 	C:\WINDOWS\system32\DUI70.dll
0x00007ff85e040000 - 0x00007ff85e0d4000 	C:\WINDOWS\system32\DUser.dll
0x00007ff84bae0000 - 0x00007ff84bb33000 	C:\Windows\System32\thumbcache.dll
0x00007ff856310000 - 0x00007ff85649a000 	C:\Windows\System32\Windows.Globalization.dll
0x00007ff8631a0000 - 0x00007ff863207000 	C:\Windows\System32\Bcp47Langs.dll
0x00007ff862dd0000 - 0x00007ff862dfe000 	C:\WINDOWS\SYSTEM32\globinputhost.dll
0x00007ff85fa90000 - 0x00007ff85fac6000 	C:\WINDOWS\system32\xmllite.dll
0x00007ff851d20000 - 0x00007ff851dc0000 	C:\WINDOWS\System32\StructuredQuery.dll
0x00007ff84f9a0000 - 0x00007ff84f9bb000 	C:\WINDOWS\SYSTEM32\MPR.dll
0x00007ff847fa0000 - 0x00007ff847fa9000 	C:\WINDOWS\SYSTEM32\atlthunk.dll
0x00007ff852a60000 - 0x00007ff852a76000 	C:\WINDOWS\System32\ntlanman.dll
0x00007ff85ea70000 - 0x00007ff85ea7b000 	C:\WINDOWS\System32\drprov.dll
0x00007ff8657f0000 - 0x00007ff865846000 	C:\WINDOWS\System32\WINSTA.dll
0x00007ff852970000 - 0x00007ff852990000 	C:\WINDOWS\System32\davclnt.dll
0x00007ff85de20000 - 0x00007ff85de2c000 	C:\WINDOWS\System32\DAVHLPR.dll
0x00007ff862ff0000 - 0x00007ff863006000 	C:\WINDOWS\System32\wkscli.dll
0x00007ff856970000 - 0x00007ff856982000 	C:\WINDOWS\SYSTEM32\cscapi.dll
0x00007ff865050000 - 0x00007ff86505d000 	C:\WINDOWS\System32\netutils.dll
0x00007ff863f90000 - 0x00007ff86400a000 	C:\WINDOWS\SYSTEM32\apphelp.dll
0x00007ff846e30000 - 0x00007ff846e7d000 	C:\Windows\System32\dlnashext.dll
0x00007ff857d30000 - 0x00007ff857da0000 	C:\Windows\System32\PlayToDevice.dll
0x00007ff85ee30000 - 0x00007ff85ee4e000 	C:\Windows\System32\DevDispItemProvider.dll
0x00007ff860e10000 - 0x00007ff860e81000 	C:\WINDOWS\System32\MMDevApi.dll
0x00007ff8645c0000 - 0x00007ff8645e8000 	C:\WINDOWS\System32\DEVOBJ.dll
0x00007ff862a90000 - 0x00007ff862b2e000 	C:\Windows\System32\PortableDeviceApi.dll
0x00007ff866a90000 - 0x00007ff866eb9000 	C:\WINDOWS\System32\SETUPAPI.dll
0x00007ff866980000 - 0x00007ff8669d5000 	C:\WINDOWS\System32\WINTRUST.dll
0x00007ff865940000 - 0x00007ff865950000 	C:\WINDOWS\System32\MSASN1.dll
0x00007ff8661e0000 - 0x00007ff8663a9000 	C:\WINDOWS\System32\CRYPT32.dll
0x00007ff85fa20000 - 0x00007ff85fa52000 	C:\Windows\System32\PortableDeviceTypes.dll
0x00007ff857830000 - 0x00007ff857855000 	C:\Windows\System32\EhStorAPI.dll
0x00007ff863120000 - 0x00007ff863133000 	C:\Windows\System32\WTSAPI32.dll
0x00007ff847270000 - 0x00007ff84733a000 	C:\WINDOWS\system32\Windows.Storage.Search.dll
0x00007ff868fa0000 - 0x00007ff86900e000 	C:\WINDOWS\System32\coml2.dll
0x00007ff85a6d0000 - 0x00007ff85aa35000 	C:\Windows\System32\ActXPrxy.dll
0x00007ff84dc00000 - 0x00007ff84dc10000 	C:\WINDOWS\SYSTEM32\LINKINFO.dll
0x00007ff84d400000 - 0x00007ff84d47d000 	C:\Windows\System32\twinapi.dll
0x00007ff84a7a0000 - 0x00007ff84a7d6000 	C:\Windows\System32\EhStorShell.dll
0x00007ff857a30000 - 0x00007ff857cf3000 	C:\Users\Projeta Brasil\AppData\Local\Microsoft\OneDrive\17.3.7074.1023\amd64\FileSyncShell64.dll
0x00007ff8506b0000 - 0x00007ff85097a000 	C:\WINDOWS\SYSTEM32\WININET.dll
0x00007ff84ac70000 - 0x00007ff84ae85000 	C:\PROGRA~1\MICROS~1\Office16\GROOVEEX.DLL
0x00007ff84abb0000 - 0x00007ff84ac4e000 	C:\WINDOWS\SYSTEM32\MSVCP140.dll
0x00007ff84ac50000 - 0x00007ff84ac67000 	C:\WINDOWS\SYSTEM32\VCRUNTIME140.dll

VM Arguments:
jvm_args: -agentlib:jdwp=transport=dt_socket,suspend=y,address=localhost:59570 -Dfile.encoding=UTF-8 
java_command: main.Main
java_class_path (initial): C:\Program Files\Java\jre1.8.0_144\lib\resources.jar;C:\Program Files\Java\jre1.8.0_144\lib\rt.jar;C:\Program Files\Java\jre1.8.0_144\lib\jsse.jar;C:\Program Files\Java\jre1.8.0_144\lib\jce.jar;C:\Program Files\Java\jre1.8.0_144\lib\charsets.jar;C:\Program Files\Java\jre1.8.0_144\lib\jfr.jar;C:\Program Files\Java\jre1.8.0_144\lib\ext\access-bridge-64.jar;C:\Program Files\Java\jre1.8.0_144\lib\ext\cldrdata.jar;C:\Program Files\Java\jre1.8.0_144\lib\ext\dnsns.jar;C:\Program Files\Java\jre1.8.0_144\lib\ext\jaccess.jar;C:\Program Files\Java\jre1.8.0_144\lib\ext\jfxrt.jar;C:\Program Files\Java\jre1.8.0_144\lib\ext\localedata.jar;C:\Program Files\Java\jre1.8.0_144\lib\ext\nashorn.jar;C:\Program Files\Java\jre1.8.0_144\lib\ext\sunec.jar;C:\Program Files\Java\jre1.8.0_144\lib\ext\sunjce_provider.jar;C:\Program Files\Java\jre1.8.0_144\lib\ext\sunmscapi.jar;C:\Program Files\Java\jre1.8.0_144\lib\ext\sunpkcs11.jar;C:\Program Files\Java\jre1.8.0_144\lib\ext\zipfs.jar;C:\Eclipse Work Space\Zion\target\classes;C:\Users\Projeta Brasil\.m2\repository\org\postgresql\postgresql\42.1.4\postgresql-42.1.4.jar;C:\Users\Projeta Brasil\.m2\repository\org\hibernate\hibernate-core\4.3.11.Final\hibernate-core-4.3.11.Final.jar;C:\Users\Projeta Brasil\.m2\repository\org\jboss\logging\jboss-logging\3.1.3.GA\jboss-logging-3.1.3.GA.jar;C:\Users\Projeta Brasil\.m2\repository\org\jboss\logging\jboss-logging-annotations\1.2.0.Beta1\jboss-logging-annotations-1.2.0.Beta1.jar;C:\Users\Projeta Brasil\.m2\repository\org\jboss\spec\javax\transaction\jboss-transaction-api_1.2_spec\1.0.0.Final\jboss-transaction-api_1.2_spec-1.0.0.Final.jar;C:\Users\Projeta Brasil\.m2\repository\dom4j\dom4j\1.6.1\dom4j-1.6.1.jar;C:\Users\Projeta Brasil\.m2\repository\org\hibernate\common\hibernate-commons-annotations\4.0.5.Final\hibernate-commons-annotations-4.0.5.Final.jar;C:\Users\Projeta Brasil\.m2\repository\org\hibernate\javax\persistence\hibernate-jpa-2.1-api\1.0.0.Final\hibernate-jpa-2.1-ap
Launcher Type: SUN_STANDARD

Environment Variables:
PATH=C:/Program Files/Java/jre1.8.0_144/bin/server;C:/Program Files/Java/jre1.8.0_144/bin;C:/Program Files/Java/jre1.8.0_144/lib/amd64;C:\ProgramData\Oracle\Java\javapath;C:\WINDOWS\system32;C:\WINDOWS;C:\WINDOWS\System32\Wbem;C:\WINDOWS\System32\WindowsPowerShell\v1.0\;C:\PostgreSQL\pg94\bin;C:\Users\Projeta Brasil\AppData\Local\Microsoft\WindowsApps;;C:\WINDOWS\system32;
USERNAME=Projeta Brasil
OS=Windows_NT
PROCESSOR_IDENTIFIER=Intel64 Family 6 Model 58 Stepping 9, GenuineIntel



---------------  S Y S T E M  ---------------

OS: Windows 10.0 , 64 bit Build 14393 (10.0.14393.1198)

CPU:total 8 (initial active 8) (4 cores per cpu, 2 threads per core) family 6 model 58 stepping 9, cmov, cx8, fxsr, mmx, sse, sse2, sse3, ssse3, sse4.1, sse4.2, popcnt, avx, aes, clmul, erms, ht, tsc, tscinvbit, tscinv

Memory: 4k page, physical 4069936k(1720208k free), swap 5511728k(2014960k free)

vm_info: Java HotSpot(TM) 64-Bit Server VM (25.144-b01) for windows-amd64 JRE (1.8.0_144-b01), built on Jul 21 2017 21:57:33 by "java_re" with MS VC++ 10.0 (VS2010)

time: Sun Oct 29 01:18:08 2017
elapsed time: 109 seconds (0d 0h 1m 49s)

